--- Test run on 2012/06/17 06:39:03 ---
Converting "/home/marwa/lib/ms/." to "/home/marwa/lib/ms" and re-inserting with add_patha/1


Common Test v1.6.1 starting (cwd is /home/marwa/lib/ms)


Common Test: Running make in test directories...
Recompile: ms_app_SUITE

CWD set to: "/home/marwa/lib/ms/logs/ct_run.test@ubuntu.2012-06-17_06.39.03"

TEST INFO: 1 test(s), 1 case(s) in 1 suite(s)

Testing lib.ms: Starting test, 1 test cases

=PROGRESS REPORT==== 17-Jun-2012::06:39:04 ===
          supervisor: {local,sasl_safe_sup}
             started: [{pid,<0.69.0>},
                       {name,alarm_handler},
                       {mfargs,{alarm_handler,start_link,[]}},
                       {restart_type,permanent},
                       {shutdown,2000},
                       {child_type,worker}]

=PROGRESS REPORT==== 17-Jun-2012::06:39:04 ===
          supervisor: {local,sasl_safe_sup}
             started: [{pid,<0.70.0>},
                       {name,overload},
                       {mfargs,{overload,start_link,[]}},
                       {restart_type,permanent},
                       {shutdown,2000},
                       {child_type,worker}]

=PROGRESS REPORT==== 17-Jun-2012::06:39:04 ===
          supervisor: {local,sasl_sup}
             started: [{pid,<0.68.0>},
                       {name,sasl_safe_sup},
                       {mfargs,
                           {supervisor,start_link,
                               [{local,sasl_safe_sup},sasl,safe]}},
                       {restart_type,permanent},
                       {shutdown,infinity},
                       {child_type,supervisor}]

=PROGRESS REPORT==== 17-Jun-2012::06:39:04 ===
          supervisor: {local,sasl_sup}
             started: [{pid,<0.71.0>},
                       {name,release_handler},
                       {mfargs,{release_handler,start_link,[]}},
                       {restart_type,permanent},
                       {shutdown,2000},
                       {child_type,worker}]

=PROGRESS REPORT==== 17-Jun-2012::06:39:04 ===
         application: sasl
          started_at: test@ubuntu

=PROGRESS REPORT==== 17-Jun-2012::06:39:04 ===
          supervisor: {local,ms_sup}
             started: [{pid,<0.79.0>},
                       {name,ms_fsm_sup},
                       {mfargs,{ms_fsm_sup,start_link,[]}},
                       {restart_type,permanent},
                       {shutdown,2000},
                       {child_type,supervisor}]

=PROGRESS REPORT==== 17-Jun-2012::06:39:04 ===
         application: ms
          started_at: test@ubuntu
----------------------------------------------------
2012-06-17 06:39:04.138
Starting test case normal_case

{st,ms1,lai1,undefined}
turn_on_idle 
----------------------------------------------------
2012-06-17 06:39:04.145
Test case normal_case completed

exittttinggg
=ERROR REPORT==== 17-Jun-2012::06:39:04 ===
** State machine ms1 terminating 
** Last event in was turn_on_idle
** When State == turn_off
**      Data  == {st,ms1,lai1,undefined}
** Reason for termination = 
** {'module could not be loaded',
       [{msc_app,location_update_request,[{2,1,ms1,lai1}],[]},
        {ms_fsm,loc_update,2,[{file,"src/ms_fsm.erl"},{line,383}]},
        {ms_fsm,turn_off,2,[{file,"src/ms_fsm.erl"},{line,106}]},
        {gen_fsm,handle_msg,7,[{file,"gen_fsm.erl"},{line,494}]},
        {proc_lib,init_p_do_apply,3,[{file,"proc_lib.erl"},{line,227}]}]}

=CRASH REPORT==== 17-Jun-2012::06:39:04 ===
  crasher:
    initial call: ms_fsm:init/1
    pid: <0.87.0>
    registered_name: ms1
    exception exit: {undef,[{msc_app,location_update_request,
                                     [{2,1,ms1,lai1}],
                                     []},
                            {ms_fsm,loc_update,2,
                                    [{file,"src/ms_fsm.erl"},{line,383}]},
                            {ms_fsm,turn_off,2,
                                    [{file,"src/ms_fsm.erl"},{line,106}]},
                            {gen_fsm,handle_msg,7,
                                     [{file,"gen_fsm.erl"},{line,494}]},
                            {proc_lib,init_p_do_apply,3,
                                      [{file,"proc_lib.erl"},{line,227}]}]}
      in function  gen_fsm:terminate/7 (gen_fsm.erl, line 611)
    ancestors: [ms_fsm_sup,ms_sup,<0.75.0>]
    messages: [{'$gen_all_state_event',lai2}]
    links: [<0.79.0>]
    dictionary: []
    trap_exit: false
    status: running
    heap_size: 987
    stack_size: 24
    reductions: 217
  neighbours:

=SUPERVISOR REPORT==== 17-Jun-2012::06:39:04 ===
     Supervisor: {local,ms_fsm_sup}
     Context:    child_terminated
     Reason:     {undef,[{msc_app,location_update_request,[{2,1,ms1,lai1}],[]},
                         {ms_fsm,loc_update,2,
                                 [{file,"src/ms_fsm.erl"},{line,383}]},
                         {ms_fsm,turn_off,2,
                                 [{file,"src/ms_fsm.erl"},{line,106}]},
                         {gen_fsm,handle_msg,7,
                                  [{file,"gen_fsm.erl"},{line,494}]},
                         {proc_lib,init_p_do_apply,3,
                                   [{file,"proc_lib.erl"},{line,227}]}]}
     Offender:   [{pid,<0.87.0>},
                  {name,ms_fsm},
                  {mfargs,{ms_fsm,start_link,[[ms1,lai1]]}},
                  {restart_type,permanent},
                  {shutdown,5000},
                  {child_type,worker}]


=INFO REPORT==== 17-Jun-2012::06:39:04 ===
    application: ms
    exited: stopped
    type: temporary

=INFO REPORT==== 17-Jun-2012::06:39:04 ===
    application: sasl
    exited: stopped
    type: temporary
Testing lib.ms: TEST COMPLETE, 1 ok, 0 failed of 1 test cases

Updating /home/marwa/lib/ms/logs/index.html... done
Updating /home/marwa/lib/ms/logs/all_runs.html... done

