--- Test run on 2012/06/18 09:03:21 ---
Converting "/home/marwa/projV3/ms/." to "/home/marwa/projV3/ms" and re-inserting with add_patha/1


Common Test v1.6.1 starting (cwd is /home/marwa/projV3/ms)


Common Test: Running make in test directories...
Recompile: ms_app_SUITE

CWD set to: "/home/marwa/projV3/ms/logs/ct_run.test@ubuntu.2012-06-18_09.03.22"

TEST INFO: 1 test(s), 1 case(s) in 1 suite(s)

Testing projV3.ms: Starting test, 1 test cases

=PROGRESS REPORT==== 18-Jun-2012::09:03:22 ===
          supervisor: {local,sasl_safe_sup}
             started: [{pid,<0.69.0>},
                       {name,alarm_handler},
                       {mfargs,{alarm_handler,start_link,[]}},
                       {restart_type,permanent},
                       {shutdown,2000},
                       {child_type,worker}]

=PROGRESS REPORT==== 18-Jun-2012::09:03:22 ===
          supervisor: {local,sasl_safe_sup}
             started: [{pid,<0.70.0>},
                       {name,overload},
                       {mfargs,{overload,start_link,[]}},
                       {restart_type,permanent},
                       {shutdown,2000},
                       {child_type,worker}]

=PROGRESS REPORT==== 18-Jun-2012::09:03:22 ===
          supervisor: {local,sasl_sup}
             started: [{pid,<0.68.0>},
                       {name,sasl_safe_sup},
                       {mfargs,
                           {supervisor,start_link,
                               [{local,sasl_safe_sup},sasl,safe]}},
                       {restart_type,permanent},
                       {shutdown,infinity},
                       {child_type,supervisor}]

=PROGRESS REPORT==== 18-Jun-2012::09:03:22 ===
          supervisor: {local,sasl_sup}
             started: [{pid,<0.71.0>},
                       {name,release_handler},
                       {mfargs,{release_handler,start_link,[]}},
                       {restart_type,permanent},
                       {shutdown,2000},
                       {child_type,worker}]

=PROGRESS REPORT==== 18-Jun-2012::09:03:22 ===
         application: sasl
          started_at: test@ubuntu

=PROGRESS REPORT==== 18-Jun-2012::09:03:22 ===
          supervisor: {local,ms_sup}
             started: [{pid,<0.79.0>},
                       {name,ms_fsm_sup},
                       {mfargs,{ms_fsm_sup,start_link,[]}},
                       {restart_type,permanent},
                       {shutdown,2000},
                       {child_type,supervisor}]

=PROGRESS REPORT==== 18-Jun-2012::09:03:22 ===
         application: ms
          started_at: test@ubuntu
----------------------------------------------------
2012-06-18 09:03:22.416
Starting test case normal_case


- - - - - - - - - - - - - - - - - - - - - - - - - -
ms_app_SUITE:normal_case failed on line 174
Reason: {badmatch,{error,{already_started,<0.87.0>}}}
- - - - - - - - - - - - - - - - - - - - - - - - - -

----------------------------------------------------
2012-06-18 09:03:22.422
Test case normal_case completed

Testing projV3.ms: *** FAILED *** test case 1 of 1

=INFO REPORT==== 18-Jun-2012::09:03:22 ===
    application: ms
    exited: stopped
    type: temporary

=INFO REPORT==== 18-Jun-2012::09:03:22 ===
    application: sasl
    exited: stopped
    type: temporary
Testing projV3.ms: TEST COMPLETE, 0 ok, 1 failed of 1 test cases

Updating /home/marwa/projV3/ms/logs/index.html... done
Updating /home/marwa/projV3/ms/logs/all_runs.html... done

